<?xml version="1.0" encoding="UTF-8"?>
<!-- Generated by org.testng.reporters.JUnitXMLReporter -->
<testsuite ignored="0" hostname="E14-VMISTRY" failures="0" tests="3" name="Default test" time="67.023" errors="0" timestamp="2025-04-17T11:46:15 ADT">
  <testcase classname="com.nbcc.qa.testcases.LoginPageTest" name="loginPageTitleTest" time="0.025"/>
  <testcase classname="com.nbcc.qa.testcases.LoginPageTest" name="NbccLogoImageTest" time="0.078"/>
  <testcase classname="com.nbcc.qa.testcases.LoginPageTest" name="signinTest" time="62.235"/>
</testsuite> <!-- Default test -->
