<?xml version="1.0" encoding="UTF-8"?>
<testng-results ignored="0" total="3" passed="3" failed="0" skipped="0">
  <reporter-output>
  </reporter-output>
  <suite started-at="2025-04-17T11:45:08 ADT" name="Default suite" finished-at="2025-04-17T11:46:15 ADT" duration-ms="67023">
    <groups>
    </groups>
    <test started-at="2025-04-17T11:45:08 ADT" name="Default test" finished-at="2025-04-17T11:46:15 ADT" duration-ms="67023">
      <class name="com.nbcc.qa.testcases.LoginPageTest">
        <test-method is-config="true" signature="setUP()[pri:0, instance:com.nbcc.qa.testcases.LoginPageTest@23c30a20]" started-at="2025-04-17T11:45:08 ADT" name="setUP" finished-at="2025-04-17T11:45:10 ADT" duration-ms="1805" status="PASS">
          <reporter-output>
          </reporter-output>
        </test-method> <!-- setUP -->
        <test-method signature="loginPageTitleTest()[pri:1, instance:com.nbcc.qa.testcases.LoginPageTest@23c30a20]" started-at="2025-04-17T11:45:10 ADT" name="loginPageTitleTest" finished-at="2025-04-17T11:45:10 ADT" duration-ms="25" status="PASS">
          <reporter-output>
          </reporter-output>
        </test-method> <!-- loginPageTitleTest -->
        <test-method is-config="true" signature="tearDown()[pri:0, instance:com.nbcc.qa.testcases.LoginPageTest@23c30a20]" started-at="2025-04-17T11:45:10 ADT" name="tearDown" finished-at="2025-04-17T11:45:10 ADT" duration-ms="185" status="PASS">
          <reporter-output>
          </reporter-output>
        </test-method> <!-- tearDown -->
        <test-method is-config="true" signature="setUP()[pri:0, instance:com.nbcc.qa.testcases.LoginPageTest@23c30a20]" started-at="2025-04-17T11:45:10 ADT" name="setUP" finished-at="2025-04-17T11:45:11 ADT" duration-ms="1252" status="PASS">
          <reporter-output>
          </reporter-output>
        </test-method> <!-- setUP -->
        <test-method signature="NbccLogoImageTest()[pri:2, instance:com.nbcc.qa.testcases.LoginPageTest@23c30a20]" started-at="2025-04-17T11:45:11 ADT" name="NbccLogoImageTest" finished-at="2025-04-17T11:45:11 ADT" duration-ms="78" status="PASS">
          <reporter-output>
          </reporter-output>
        </test-method> <!-- NbccLogoImageTest -->
        <test-method is-config="true" signature="tearDown()[pri:0, instance:com.nbcc.qa.testcases.LoginPageTest@23c30a20]" started-at="2025-04-17T11:45:11 ADT" name="tearDown" finished-at="2025-04-17T11:45:12 ADT" duration-ms="162" status="PASS">
          <reporter-output>
          </reporter-output>
        </test-method> <!-- tearDown -->
        <test-method is-config="true" signature="setUP()[pri:0, instance:com.nbcc.qa.testcases.LoginPageTest@23c30a20]" started-at="2025-04-17T11:45:12 ADT" name="setUP" finished-at="2025-04-17T11:45:13 ADT" duration-ms="1151" status="PASS">
          <reporter-output>
          </reporter-output>
        </test-method> <!-- setUP -->
        <test-method signature="signinTest()[pri:3, instance:com.nbcc.qa.testcases.LoginPageTest@23c30a20]" started-at="2025-04-17T11:45:13 ADT" name="signinTest" finished-at="2025-04-17T11:46:15 ADT" duration-ms="62235" status="PASS">
          <reporter-output>
          </reporter-output>
        </test-method> <!-- signinTest -->
        <test-method is-config="true" signature="tearDown()[pri:0, instance:com.nbcc.qa.testcases.LoginPageTest@23c30a20]" started-at="2025-04-17T11:46:15 ADT" name="tearDown" finished-at="2025-04-17T11:46:15 ADT" duration-ms="88" status="PASS">
          <reporter-output>
          </reporter-output>
        </test-method> <!-- tearDown -->
      </class> <!-- com.nbcc.qa.testcases.LoginPageTest -->
    </test> <!-- Default test -->
  </suite> <!-- Default suite -->
</testng-results>
